{"C:\\Users\\adam_\\Code\\prosjekt-nybegynner\\Testing\\src\\foo.ts": {"path":"C:\\Users\\adam_\\Code\\prosjekt-nybegynner\\Testing\\src\\foo.ts","statementMap":{"0":{"start":{"line":1,"column":13},"end":{"line":3,"column":39}},"1":{"start":{"line":3,"column":2},"end":{"line":3,"column":38}},"2":{"start":{"line":3,"column":25},"end":{"line":3,"column":34}}},"fnMap":{"0":{"name":"(anonymous_0)","decl":{"start":{"line":2,"column":2},"end":{"line":2,"column":3}},"loc":{"start":{"line":3,"column":2},"end":{"line":3,"column":38}}},"1":{"name":"(anonymous_1)","decl":{"start":{"line":3,"column":11},"end":{"line":3,"column":12}},"loc":{"start":{"line":3,"column":25},"end":{"line":3,"column":34}}}},"branchMap":{},"s":{"0":1,"1":2,"2":2},"f":{"0":2,"1":2},"b":{}}
,"C:\\Users\\adam_\\Code\\prosjekt-nybegynner\\Testing\\src\\components\\App.tsx": {"path":"C:\\Users\\adam_\\Code\\prosjekt-nybegynner\\Testing\\src\\components\\App.tsx","statementMap":{"0":{"start":{"line":2,"column":0},"end":{"line":2,"column":25}},"1":{"start":{"line":4,"column":0},"end":{"line":4,"column":36}},"2":{"start":{"line":5,"column":0},"end":{"line":5,"column":35}},"3":{"start":{"line":6,"column":0},"end":{"line":6,"column":23}},"4":{"start":{"line":13,"column":2},"end":{"line":19,"column":4}},"5":{"start":{"line":12,"column":0},"end":{"line":20,"column":1}}},"fnMap":{"0":{"name":"default_1","decl":{"start":{"line":12,"column":0},"end":{"line":12,"column":24}},"loc":{"start":{"line":12,"column":46},"end":{"line":20,"column":1}}}},"branchMap":{},"s":{"0":1,"1":1,"2":1,"3":1,"4":1,"5":1},"f":{"0":1},"b":{}}
,"C:\\Users\\adam_\\Code\\prosjekt-nybegynner\\Testing\\src\\components\\Wow.tsx": {"path":"C:\\Users\\adam_\\Code\\prosjekt-nybegynner\\Testing\\src\\components\\Wow.tsx","statementMap":{"0":{"start":{"line":2,"column":0},"end":{"line":2,"column":25}},"1":{"start":{"line":5,"column":2},"end":{"line":7,"column":4}},"2":{"start":{"line":4,"column":0},"end":{"line":8,"column":1}}},"fnMap":{"0":{"name":"default_1","decl":{"start":{"line":4,"column":0},"end":{"line":null,"column":-1}},"loc":{"start":{"line":4,"column":0},"end":{"line":8,"column":1}}}},"branchMap":{},"s":{"0":2,"1":2,"2":2},"f":{"0":2},"b":{}}
}
