TN:
SF:C:\Users\adam_\Code\prosjekt-nybegynner\Testing\src\foo.ts
FN:2,(anonymous_0)
FN:3,(anonymous_1)
FNF:2
FNH:2
FNDA:2,(anonymous_0)
FNDA:2,(anonymous_1)
DA:1,1
DA:3,2
LF:2
LH:2
BRF:0
BRH:0
end_of_record
TN:
SF:C:\Users\adam_\Code\prosjekt-nybegynner\Testing\src\components\App.tsx
FN:12,default_1
FNF:1
FNH:1
FNDA:1,default_1
DA:2,1
DA:4,1
DA:5,1
DA:6,1
DA:12,1
DA:13,1
LF:6
LH:6
BRF:0
BRH:0
end_of_record
TN:
SF:C:\Users\adam_\Code\prosjekt-nybegynner\Testing\src\components\Wow.tsx
FN:4,default_1
FNF:1
FNH:1
FNDA:2,default_1
DA:2,2
DA:4,2
DA:5,2
LF:3
LH:3
BRF:0
BRH:0
end_of_record
